<?xml version='1.0' encoding='UTF-8'?>
<testsuite hostname="Simons-MBP" name="services.ApplicationControllerUnitSpec" tests="14" errors="0" failures="0" skipped="0" time="0.021" timestamp="2023-03-16T12:00:24">
                     <properties>
[...]
</properties>
                     <testcase classname="services.ApplicationControllerUnitSpec" name="ApplicationController .index() should return a seq of books" time="0.004">
                                                 
                                               </testcase><testcase classname="services.ApplicationControllerUnitSpec" name="ApplicationController .index() should return an error when a sequence of books cannot be returned" time="0.001">
                                                 
                                               </testcase><testcase classname="services.ApplicationControllerUnitSpec" name="ApplicationController .create should create a book in the database" time="0.002">
                                                 
                                               </testcase><testcase classname="services.ApplicationControllerUnitSpec" name="ApplicationController .create should return an internal server error when books cannot be created" time="0.001">
                                                 
                                               </testcase><testcase classname="services.ApplicationControllerUnitSpec" name="ApplicationController .read should read a book in the database by id" time="0.002">
                                                 
                                               </testcase><testcase classname="services.ApplicationControllerUnitSpec" name="ApplicationController .read should throw an bad request when given an empty string" time="0.001">
                                                 
                                               </testcase><testcase classname="services.ApplicationControllerUnitSpec" name="ApplicationController .readByTitle should read a book in the database by title" time="0.001">
                                                 
                                               </testcase><testcase classname="services.ApplicationControllerUnitSpec" name="ApplicationController .readByTitle should throw an bad request when given an empty string title" time="0.001">
                                                 
                                               </testcase><testcase classname="services.ApplicationControllerUnitSpec" name="ApplicationController .update(id: String) should update a book in the database by id and data model" time="0.003">
                                                 
                                               </testcase><testcase classname="services.ApplicationControllerUnitSpec" name="ApplicationController .update(id: String) should throw an internal server error when given a body with the incorrect format" time="0.002">
                                                 
                                               </testcase><testcase classname="services.ApplicationControllerUnitSpec" name="ApplicationController .updateByFieldAndUpdate(id: String, field: String, update: String) should update a book in the database by id, a field to update, and the update itself" time="0.001">
                                                 
                                               </testcase><testcase classname="services.ApplicationControllerUnitSpec" name="ApplicationController .updateByFieldAndUpdate(id: String, field: String, update: String) should throw an BadRequest when given an empty id, field, or update" time="0.0">
                                                 
                                               </testcase><testcase classname="services.ApplicationControllerUnitSpec" name="ApplicationController .delete(id: String) should delete a book in the database given its id" time="0.001">
                                                 
                                               </testcase><testcase classname="services.ApplicationControllerUnitSpec" name="ApplicationController .delete(id: String) should throw an BadRequest when .delete is given an empty Book ID string" time="0.001">
                                                 
                                               </testcase>
                     <system-out><![CDATA[]]></system-out>
                     <system-err><![CDATA[]]></system-err>
                   </testsuite>