[0m[[0m[0mdebug[0m] [0m[0mjavaOptions: Vector()[0m
[0m[[0m[0mdebug[0m] [0m[0mForking tests - parallelism = false[0m
[0m[[0m[0mdebug[0m] [0m[0mCreate a single-thread test executor[0m
[0m[[0m[0mdebug[0m] [0m[0mRunner for org.scalatest.tools.Framework produced 2 initial tasks for 2 tests.[0m
[0m[[0m[0mdebug[0m] [0m[0m  Running TaskDef(controllers.ApplicationControllerSpec, sbt.ForkMain$SubclassFingerscan@7ec914f7, false, [SuiteSelector])[0m
[0m[[0m[0minfo[0m] [0m[0m[32mApplicationControllerSpec:[0m[0m
[0m[[0m[0minfo[0m] [0m[0m[32mApplicationController .index()[0m[0m
[0m[[0m[0minfo[0m] [0m[0m[32m- should return TODO[0m[0m
[0m[[0m[0minfo[0m] [0m[0m[32mApplicationController .create[0m[0m
[0m[[0m[0minfo[0m] [0m[0m[32m- should create a book in the database[0m[0m
[0m[[0m[0minfo[0m] [0m[0m[32m- should throw a BadRequest when given a non DataModel object[0m[0m
[0m[[0m[0minfo[0m] [0m[0m[32mApplicationController .read[0m[0m
[0m[[0m[0minfo[0m] [0m[0m[32m- should find a book in the database by id[0m[0m
[0m[[0m[0minfo[0m] [0m[0m[31m- should throw an bad request when given an empty string *** FAILED ***[0m[0m
[0m[[0m[0minfo[0m] [0m[0m[31m  500 was not equal to 400 (ApplicationControllerSpec.scala:106)[0m[0m
[0m[[0m[0minfo[0m] [0m[0m[32mApplicationController .update(id: String)[0m[0m
[0m[[0m[0minfo[0m] [0m[0m[32m- should update a book in the database by id and data model[0m[0m
[0m[[0m[0minfo[0m] [0m[0m[32m- should throw an BadRequest when given a body with the incorrect format[0m[0m
[0m[[0m[0minfo[0m] [0m[0m[32mApplicationController .delete(id: String)[0m[0m
[0m[[0m[0minfo[0m] [0m[0m[32m- should delete a book in the database given its id[0m[0m
[0m[[0m[0minfo[0m] [0m[0m[31m- should throw an BadRequest when .delete is given an empty Book ID string *** FAILED ***[0m[0m
[0m[[0m[0minfo[0m] [0m[0m[31m  202 was not equal to 400 (ApplicationControllerSpec.scala:178)[0m[0m
[0m[[0m[0mdebug[0m] [0m[0m    Produced 0 nested tasks and 9 events.[0m
[0m[[0m[0mdebug[0m] [0m[0m  Running TaskDef(controllers.HomeControllerSpec, sbt.ForkMain$SubclassFingerscan@4df6683d, false, [SuiteSelector])[0m
[0m[[0m[0minfo[0m] [0m[0m[32mHomeControllerSpec:[0m[0m
[0m[[0m[0minfo[0m] [0m[0m[32mHomeController GET[0m[0m
[0m[[0m[0minfo[0m] [0m[0m[32m- should render the index page from a new instance of controller[0m[0m
[0m[[0m[0minfo[0m] [0m[0m[32m- should render the index page from the application[0m[0m
[0m[[0m[0minfo[0m] [0m[0m[32m- should render the index page from the router[0m[0m
[0m[[0m[0mdebug[0m] [0m[0m    Produced 0 nested tasks and 3 events.[0m
[0m[[0m[0mdebug[0m] [0m[0mRunner for com.novocode.junit.JUnitFramework produced 0 initial tasks for 0 tests.[0m
[0m[[0m[0minfo[0m] [0m[0mScalaTest[0m
[0m[[0m[0minfo[0m] [0m[0m[36mRun completed in 9 seconds, 195 milliseconds.[0m[0m
[0m[[0m[0minfo[0m] [0m[0m[36mTotal number of tests run: 12[0m[0m
[0m[[0m[0minfo[0m] [0m[0m[36mSuites: completed 2, aborted 0[0m[0m
[0m[[0m[0minfo[0m] [0m[0m[36mTests: succeeded 10, failed 2, canceled 0, ignored 0, pending 0[0m[0m
[0m[[0m[0minfo[0m] [0m[0m[31m*** 2 TESTS FAILED ***[0m[0m
[0m[[0m[0mdebug[0m] [0m[0mSummary for JUnit not available.[0m
[0m[[0m[31merror[0m] [0m[0mFailed: Total 12, Failed 2, Errors 0, Passed 10[0m
[0m[[0m[0mdebug[0m] [0m[0mPassed tests:[0m
[0m[[0m[0mdebug[0m] [0m[0m	controllers.HomeControllerSpec[0m
[0m[[0m[31merror[0m] [0m[0mFailed tests:[0m
[0m[[0m[31merror[0m] [0m[0m	controllers.ApplicationControllerSpec[0m
[0m[[0m[31merror[0m] [0m[0m(Test / [31mtest[0m) sbt.TestsFailedException: Tests unsuccessful[0m
